Arguments: 
  C:\Program Files\nodejs\node.exe C:\Users\almamun\AppData\Roaming\npm\node_modules\yarn\bin\yarn.js add -D tailwindcss

PATH: 
  C:\Windows\system32;C:\Windows;C:\Windows\System32\Wbem;C:\Windows\System32\WindowsPowerShell\v1.0\;C:\Windows\System32\OpenSSH\;C:\Program Files\nodejs\;C:\Program Files\Git\cmd;C:\Users\almamun\AppData\Local\Microsoft\WindowsApps;C:\Users\almamun\AppData\Roaming\npm;C:\Users\almamun\AppData\Local\Programs\Microsoft VS Code\bin

Yarn version: 
  1.22.17

Node version: 
  16.13.2

Platform: 
  win32 x64

Trace: 
  Error: connect ENETUNREACH 104.16.25.35:443
      at TCPConnectWrap.afterConnect [as oncomplete] (node:net:1161:16)

npm manifest: 
  {
    "name": "hackpherowithdom",
    "version": "1.0.0",
    "description": "",
    "main": "index.js",
    "scripts": {
      "test": "echo \"Error: no test specified\" && exit 1"
    },
    "keywords": [],
    "author": "",
    "license": "ISC"
  }

yarn manifest: 
  No manifest

Lockfile: 
  No lockfile
